error: expected identifier, found keyword `ref`
 --> <stdin>:1:17
  |
1 | impl Dummy { fn ref()
  |                 ^^^ expected identifier, found keyword
help: you can escape reserved keywords to use them as identifiers
  |
1 | impl Dummy { fn r#ref()
  |                 ^^^^^

error: expected one of `->`, `where`, or `{`, found `fn`
 --> <stdin>:3:1
  |
1 | impl Dummy { fn ref()
  |                      - expected one of `->`, `where`, or `{` here
2 | 
3 | fn drop(self) { unimplemented!() } }
  | ^^ unexpected token

[2019-10-23T20:49:34Z ERROR rls::actions::hover] format_method: error: Failed, input: "impl Dummy { fn ref()\n\nfn drop(self) { unimplemented!() } }"
error: expected identifier, found keyword `ref`
 --> <stdin>:1:17
  |
1 | impl Dummy { fn ref<'b>(&mut self) -> &'b Self { unimplemented!() } }
  |                 ^^^ expected identifier, found keyword
help: you can escape reserved keywords to use them as identifiers
  |
1 | impl Dummy { fn r#ref<'b>(&mut self) -> &'b Self { unimplemented!() } }
  |                 ^^^^^

[2019-10-23T20:50:49Z ERROR rls::actions::hover] format_method: error: Failed, input: "impl Dummy { fn ref<\'b>(&mut self) -> &\'b Self { unimplemented!() } }"
error: expected `,`, or `}`, found `;`
 --> <stdin>:6:43
  |
6 | struct V8HandleScope { label: &'static str; }
  |                                           ^

